<?xml version="1.0" encoding="UTF-8"?>
<testsuite xmlns:xsi="http://www.w3.org/2001/XMLSchema-instance" xsi:noNamespaceSchemaLocation="https://maven.apache.org/surefire/maven-surefire-plugin/xsd/surefire-test-report.xsd" version="3.0.2" name="fr.mickaelbaron.jaxrstutorialexercice3.TrainBookingResourceIntegrationTest" time="0.266" tests="7" errors="0" skipped="0" failures="0">
  <properties>
[...]
</properties>
  <testcase name="createTrainBookingWithBadTrainIdTest" classname="fr.mickaelbaron.jaxrstutorialexercice3.TrainBookingResourceIntegrationTest" time="0.074">
    <system-err><![CDATA[mai 22, 2026 6:49:42 PM org.glassfish.jersey.test.grizzly.GrizzlyTestContainerFactory$GrizzlyTestContainer <init>
INFOS: Creating GrizzlyTestContainer configured at the base URI http://localhost:9998/
mai 22, 2026 6:49:42 PM org.glassfish.jersey.server.wadl.WadlFeature configure
AVERTISSEMENT: JAXBContext implementation could not be found. WADL feature is disabled.
mai 22, 2026 6:49:42 PM org.glassfish.grizzly.http.server.NetworkListener start
INFOS: Started listener bound to [localhost:9998]
mai 22, 2026 6:49:42 PM org.glassfish.grizzly.http.server.HttpServer start
INFOS: [HttpServer-3] Started.
mai 22, 2026 6:49:42 PM org.glassfish.grizzly.http.server.NetworkListener shutdownNow
INFOS: Stopped listener bound to [localhost:9998]
]]></system-err>
  </testcase>
  <testcase name="getTrainBookingsTest" classname="fr.mickaelbaron.jaxrstutorialexercice3.TrainBookingResourceIntegrationTest" time="0.042">
    <system-err><![CDATA[mai 22, 2026 6:49:42 PM org.glassfish.jersey.test.grizzly.GrizzlyTestContainerFactory$GrizzlyTestContainer <init>
INFOS: Creating GrizzlyTestContainer configured at the base URI http://localhost:9998/
mai 22, 2026 6:49:42 PM org.glassfish.jersey.server.wadl.WadlFeature configure
AVERTISSEMENT: JAXBContext implementation could not be found. WADL feature is disabled.
mai 22, 2026 6:49:42 PM org.glassfish.grizzly.http.server.NetworkListener start
INFOS: Started listener bound to [localhost:9998]
mai 22, 2026 6:49:42 PM org.glassfish.grizzly.http.server.HttpServer start
INFOS: [HttpServer-4] Started.
mai 22, 2026 6:49:42 PM org.glassfish.grizzly.http.server.NetworkListener shutdownNow
INFOS: Stopped listener bound to [localhost:9998]
]]></system-err>
  </testcase>
  <testcase name="createTrainBookingTest" classname="fr.mickaelbaron.jaxrstutorialexercice3.TrainBookingResourceIntegrationTest" time="0.035">
    <system-err><![CDATA[mai 22, 2026 6:49:42 PM org.glassfish.jersey.test.grizzly.GrizzlyTestContainerFactory$GrizzlyTestContainer <init>
INFOS: Creating GrizzlyTestContainer configured at the base URI http://localhost:9998/
mai 22, 2026 6:49:42 PM org.glassfish.jersey.server.wadl.WadlFeature configure
AVERTISSEMENT: JAXBContext implementation could not be found. WADL feature is disabled.
mai 22, 2026 6:49:42 PM org.glassfish.grizzly.http.server.NetworkListener start
INFOS: Started listener bound to [localhost:9998]
mai 22, 2026 6:49:42 PM org.glassfish.grizzly.http.server.HttpServer start
INFOS: [HttpServer-5] Started.
mai 22, 2026 6:49:42 PM org.glassfish.grizzly.http.server.NetworkListener shutdownNow
INFOS: Stopped listener bound to [localhost:9998]
]]></system-err>
  </testcase>
  <testcase name="getTrainBookingTest" classname="fr.mickaelbaron.jaxrstutorialexercice3.TrainBookingResourceIntegrationTest" time="0.032">
    <system-err><![CDATA[mai 22, 2026 6:49:42 PM org.glassfish.jersey.test.grizzly.GrizzlyTestContainerFactory$GrizzlyTestContainer <init>
INFOS: Creating GrizzlyTestContainer configured at the base URI http://localhost:9998/
mai 22, 2026 6:49:42 PM org.glassfish.jersey.server.wadl.WadlFeature configure
AVERTISSEMENT: JAXBContext implementation could not be found. WADL feature is disabled.
mai 22, 2026 6:49:42 PM org.glassfish.grizzly.http.server.NetworkListener start
INFOS: Started listener bound to [localhost:9998]
mai 22, 2026 6:49:42 PM org.glassfish.grizzly.http.server.HttpServer start
INFOS: [HttpServer-6] Started.
mai 22, 2026 6:49:42 PM org.glassfish.grizzly.http.server.NetworkListener shutdownNow
INFOS: Stopped listener bound to [localhost:9998]
]]></system-err>
  </testcase>
  <testcase name="getTrainBookingWithBadTrainBookingIdTest" classname="fr.mickaelbaron.jaxrstutorialexercice3.TrainBookingResourceIntegrationTest" time="0.027">
    <system-err><![CDATA[mai 22, 2026 6:49:42 PM org.glassfish.jersey.test.grizzly.GrizzlyTestContainerFactory$GrizzlyTestContainer <init>
INFOS: Creating GrizzlyTestContainer configured at the base URI http://localhost:9998/
mai 22, 2026 6:49:42 PM org.glassfish.jersey.server.wadl.WadlFeature configure
AVERTISSEMENT: JAXBContext implementation could not be found. WADL feature is disabled.
mai 22, 2026 6:49:42 PM org.glassfish.grizzly.http.server.NetworkListener start
INFOS: Started listener bound to [localhost:9998]
mai 22, 2026 6:49:42 PM org.glassfish.grizzly.http.server.HttpServer start
INFOS: [HttpServer-7] Started.
mai 22, 2026 6:49:42 PM org.glassfish.grizzly.http.server.NetworkListener shutdownNow
INFOS: Stopped listener bound to [localhost:9998]
]]></system-err>
  </testcase>
  <testcase name="removeTrainBookingTest" classname="fr.mickaelbaron.jaxrstutorialexercice3.TrainBookingResourceIntegrationTest" time="0.03">
    <system-err><![CDATA[mai 22, 2026 6:49:42 PM org.glassfish.jersey.test.grizzly.GrizzlyTestContainerFactory$GrizzlyTestContainer <init>
INFOS: Creating GrizzlyTestContainer configured at the base URI http://localhost:9998/
mai 22, 2026 6:49:42 PM org.glassfish.jersey.server.wadl.WadlFeature configure
AVERTISSEMENT: JAXBContext implementation could not be found. WADL feature is disabled.
mai 22, 2026 6:49:42 PM org.glassfish.grizzly.http.server.NetworkListener start
INFOS: Started listener bound to [localhost:9998]
mai 22, 2026 6:49:42 PM org.glassfish.grizzly.http.server.HttpServer start
INFOS: [HttpServer-8] Started.
mai 22, 2026 6:49:42 PM org.glassfish.grizzly.http.server.NetworkListener shutdownNow
INFOS: Stopped listener bound to [localhost:9998]
]]></system-err>
  </testcase>
  <testcase name="removeTrainBookingWithBadTrainBookingIdTest" classname="fr.mickaelbaron.jaxrstutorialexercice3.TrainBookingResourceIntegrationTest" time="0.023">
    <system-err><![CDATA[mai 22, 2026 6:49:42 PM org.glassfish.jersey.test.grizzly.GrizzlyTestContainerFactory$GrizzlyTestContainer <init>
INFOS: Creating GrizzlyTestContainer configured at the base URI http://localhost:9998/
mai 22, 2026 6:49:42 PM org.glassfish.jersey.server.wadl.WadlFeature configure
AVERTISSEMENT: JAXBContext implementation could not be found. WADL feature is disabled.
mai 22, 2026 6:49:42 PM org.glassfish.grizzly.http.server.NetworkListener start
INFOS: Started listener bound to [localhost:9998]
mai 22, 2026 6:49:42 PM org.glassfish.grizzly.http.server.HttpServer start
INFOS: [HttpServer-9] Started.
mai 22, 2026 6:49:42 PM org.glassfish.grizzly.http.server.NetworkListener shutdownNow
INFOS: Stopped listener bound to [localhost:9998]
]]></system-err>
  </testcase>
</testsuite>